<?xml version="1.0" encoding="UTF-8"?>
<testsuite name="dev.nightowl.mailjudge.MailJudgeTest" tests="11" skipped="0" failures="0" errors="0" timestamp="2025-10-10T14:37:22" hostname="macbookair.local" time="0.088">
  <properties/>
  <testcase name="testSpecialCharacters()" classname="dev.nightowl.mailjudge.MailJudgeTest" time="0.066"/>
  <testcase name="testLongEmails()" classname="dev.nightowl.mailjudge.MailJudgeTest" time="0.0"/>
  <testcase name="testValidationResultDetails()" classname="dev.nightowl.mailjudge.MailJudgeTest" time="0.005"/>
  <testcase name="testDomainValidation()" classname="dev.nightowl.mailjudge.MailJudgeTest" time="0.0"/>
  <testcase name="testNullAndEmpty()" classname="dev.nightowl.mailjudge.MailJudgeTest" time="0.0"/>
  <testcase name="testCustomRuleset()" classname="dev.nightowl.mailjudge.MailJudgeTest" time="0.0"/>
  <testcase name="testInvalidEmails()" classname="dev.nightowl.mailjudge.MailJudgeTest" time="0.001"/>
  <testcase name="testValidEmails()" classname="dev.nightowl.mailjudge.MailJudgeTest" time="0.0"/>
  <testcase name="testTldValidation()" classname="dev.nightowl.mailjudge.MailJudgeTest" time="0.001"/>
  <testcase name="testNoDisposableRuleset()" classname="dev.nightowl.mailjudge.MailJudgeTest" time="0.008"/>
  <testcase name="testStandardRuleset()" classname="dev.nightowl.mailjudge.MailJudgeTest" time="0.0"/>
  <system-out><![CDATA[]]></system-out>
  <system-err><![CDATA[]]></system-err>
</testsuite>
