<?xml version="1.0" encoding="UTF-8"?>
<testsuite name="dev.nightowl.mailjudge.rules.RulesetTest" tests="4" skipped="0" failures="0" errors="0" timestamp="2025-10-20T06:58:16" hostname="macbookair.local" time="0.737">
  <properties/>
  <testcase name="testEmptyRuleset()" classname="dev.nightowl.mailjudge.rules.RulesetTest" time="0.049"/>
  <testcase name="testRulesetValidation()" classname="dev.nightowl.mailjudge.rules.RulesetTest" time="0.003"/>
  <testcase name="testRulesetBuilder()" classname="dev.nightowl.mailjudge.rules.RulesetTest" time="0.001"/>
  <testcase name="testPredefinedRulesets()" classname="dev.nightowl.mailjudge.rules.RulesetTest" time="0.681"/>
  <system-out><![CDATA[]]></system-out>
  <system-err><![CDATA[Oct 20, 2025 8:58:16 AM dev.nightowl.mailjudge.util.DisposableEmailProvider fetchFromGitHub
INFO: Fetching disposable domains from GitHub
Oct 20, 2025 8:58:16 AM dev.nightowl.mailjudge.util.DisposableEmailProvider fetchFromGitHub
INFO: Fetched 4762 disposable domains
]]></system-err>
</testsuite>
