<?xml version="1.0" encoding="UTF-8"?>
<testsuite name="dev.nightowl.mailjudge.rules.RulesetTest" tests="4" skipped="0" failures="0" errors="0" timestamp="2025-10-10T14:37:22" hostname="macbookair.local" time="0.007">
  <properties/>
  <testcase name="testEmptyRuleset()" classname="dev.nightowl.mailjudge.rules.RulesetTest" time="0.0"/>
  <testcase name="testRulesetValidation()" classname="dev.nightowl.mailjudge.rules.RulesetTest" time="0.0"/>
  <testcase name="testRulesetBuilder()" classname="dev.nightowl.mailjudge.rules.RulesetTest" time="0.003"/>
  <testcase name="testPredefinedRulesets()" classname="dev.nightowl.mailjudge.rules.RulesetTest" time="0.002"/>
  <system-out><![CDATA[]]></system-out>
  <system-err><![CDATA[]]></system-err>
</testsuite>
